/workspace/scripts/pretrain_on_tokens.py:75: FutureWarning: `torch.cuda.amp.GradScaler(args...)` is deprecated. Please use `torch.amp.GradScaler('cuda', args...)` instead.
  scaler = torch.cuda.amp.GradScaler(enabled=args.mixed_precision == "fp16")
`loss_type=None` was set in the config but it is unrecognized. Using the default loss: `ForCausalLMLoss`.
step=1/10010 tokens=16384 loss=37.466761 lr=1.998002e-07
step=50/10010 tokens=819200 loss=36.160989 lr=5.094905e-06
step=100/10010 tokens=1638400 loss=35.356342 lr=1.008991e-05
step=150/10010 tokens=2457600 loss=34.779675 lr=1.508492e-05
step=200/10010 tokens=3276800 loss=34.444701 lr=2.007992e-05
step=250/10010 tokens=4096000 loss=34.556849 lr=2.507493e-05
step=300/10010 tokens=4915200 loss=34.320331 lr=3.006993e-05
step=350/10010 tokens=5734400 loss=33.460665 lr=3.506494e-05
step=400/10010 tokens=6553600 loss=32.832736 lr=4.005994e-05
step=450/10010 tokens=7372800 loss=32.533712 lr=4.505495e-05
step=500/10010 tokens=8192000 loss=31.651607 lr=5.004995e-05
step=550/10010 tokens=9011200 loss=30.363682 lr=5.504496e-05
step=600/10010 tokens=9830400 loss=30.871792 lr=6.003996e-05
step=650/10010 tokens=10649600 loss=28.793605 lr=6.503497e-05
step=700/10010 tokens=11468800 loss=28.400903 lr=7.002997e-05
step=750/10010 tokens=12288000 loss=28.385983 lr=7.502498e-05
step=800/10010 tokens=13107200 loss=28.702159 lr=8.001998e-05
step=850/10010 tokens=13926400 loss=27.143342 lr=8.501499e-05
step=900/10010 tokens=14745600 loss=28.840808 lr=9.000999e-05
step=950/10010 tokens=15564800 loss=27.531885 lr=9.500500e-05
step=1000/10010 tokens=16384000 loss=27.495138 lr=1.000000e-04
step=1050/10010 tokens=17203200 loss=26.966991 lr=9.999270e-05
step=1100/10010 tokens=18022400 loss=27.043303 lr=9.997021e-05
step=1150/10010 tokens=18841600 loss=26.107498 lr=9.993252e-05
step=1200/10010 tokens=19660800 loss=25.141143 lr=9.987966e-05
step=1250/10010 tokens=20480000 loss=26.040584 lr=9.981163e-05
step=1300/10010 tokens=21299200 loss=25.429025 lr=9.972846e-05
step=1350/10010 tokens=22118400 loss=26.523230 lr=9.963017e-05
step=1400/10010 tokens=22937600 loss=25.711911 lr=9.951679e-05
step=1450/10010 tokens=23756800 loss=25.024694 lr=9.938837e-05
step=1500/10010 tokens=24576000 loss=25.787438 lr=9.924492e-05
step=1550/10010 tokens=25395200 loss=26.464617 lr=9.908651e-05
step=1600/10010 tokens=26214400 loss=25.300110 lr=9.891317e-05
step=1650/10010 tokens=27033600 loss=25.493620 lr=9.872497e-05
step=1700/10010 tokens=27852800 loss=24.736460 lr=9.852195e-05
step=1750/10010 tokens=28672000 loss=24.713356 lr=9.830418e-05
step=1800/10010 tokens=29491200 loss=24.994248 lr=9.807173e-05
step=1850/10010 tokens=30310400 loss=24.866593 lr=9.782466e-05
step=1900/10010 tokens=31129600 loss=25.571742 lr=9.756305e-05
step=1950/10010 tokens=31948800 loss=25.742463 lr=9.728699e-05
step=2000/10010 tokens=32768000 loss=24.662051 lr=9.699655e-05
step=2050/10010 tokens=33587200 loss=24.810498 lr=9.669182e-05
step=2100/10010 tokens=34406400 loss=24.099570 lr=9.637290e-05
step=2150/10010 tokens=35225600 loss=24.836630 lr=9.603988e-05
step=2200/10010 tokens=36044800 loss=25.310826 lr=9.569286e-05
step=2250/10010 tokens=36864000 loss=25.637583 lr=9.533196e-05
step=2300/10010 tokens=37683200 loss=25.905849 lr=9.495727e-05
step=2350/10010 tokens=38502400 loss=25.243665 lr=9.456891e-05
step=2400/10010 tokens=39321600 loss=24.084859 lr=9.416701e-05
step=2450/10010 tokens=40140800 loss=25.341545 lr=9.375168e-05
step=2500/10010 tokens=40960000 loss=26.441728 lr=9.332305e-05
step=2550/10010 tokens=41779200 loss=23.509223 lr=9.288125e-05
step=2600/10010 tokens=42598400 loss=26.177178 lr=9.242641e-05
step=2650/10010 tokens=43417600 loss=25.292298 lr=9.195868e-05
step=2700/10010 tokens=44236800 loss=24.024571 lr=9.147819e-05
step=2750/10010 tokens=45056000 loss=25.194441 lr=9.098509e-05
step=2800/10010 tokens=45875200 loss=25.639486 lr=9.047953e-05
step=2850/10010 tokens=46694400 loss=25.865572 lr=8.996166e-05
step=2900/10010 tokens=47513600 loss=24.543907 lr=8.943165e-05
step=2950/10010 tokens=48332800 loss=25.174661 lr=8.888965e-05
step=3000/10010 tokens=49152000 loss=25.749317 lr=8.833582e-05
step=3050/10010 tokens=49971200 loss=24.961714 lr=8.777035e-05
step=3100/10010 tokens=50790400 loss=25.058073 lr=8.719339e-05
step=3150/10010 tokens=51609600 loss=24.545782 lr=8.660512e-05
step=3200/10010 tokens=52428800 loss=24.476874 lr=8.600573e-05
step=3250/10010 tokens=53248000 loss=24.615916 lr=8.539539e-05
step=3300/10010 tokens=54067200 loss=24.684345 lr=8.477429e-05
step=3350/10010 tokens=54886400 loss=25.681446 lr=8.414261e-05
step=3400/10010 tokens=55705600 loss=26.237966 lr=8.350056e-05
step=3450/10010 tokens=56524800 loss=23.936025 lr=8.284833e-05
step=3500/10010 tokens=57344000 loss=25.329148 lr=8.218610e-05
step=3550/10010 tokens=58163200 loss=24.862047 lr=8.151410e-05
step=3600/10010 tokens=58982400 loss=24.756358 lr=8.083251e-05
step=3650/10010 tokens=59801600 loss=25.817726 lr=8.014155e-05
step=3700/10010 tokens=60620800 loss=24.915786 lr=7.944143e-05
step=3750/10010 tokens=61440000 loss=25.282976 lr=7.873236e-05
step=3800/10010 tokens=62259200 loss=25.226924 lr=7.801455e-05
step=3850/10010 tokens=63078400 loss=24.400697 lr=7.728823e-05
step=3900/10010 tokens=63897600 loss=25.586544 lr=7.655361e-05
step=3950/10010 tokens=64716800 loss=25.941761 lr=7.581091e-05
step=4000/10010 tokens=65536000 loss=24.937037 lr=7.506038e-05
step=4050/10010 tokens=66355200 loss=25.261158 lr=7.430222e-05
step=4100/10010 tokens=67174400 loss=25.388449 lr=7.353667e-05
step=4150/10010 tokens=67993600 loss=25.604169 lr=7.276397e-05
step=4200/10010 tokens=68812800 loss=24.340241 lr=7.198435e-05
step=4250/10010 tokens=69632000 loss=24.973630 lr=7.119805e-05
step=4300/10010 tokens=70451200 loss=24.151285 lr=7.040530e-05
step=4350/10010 tokens=71270400 loss=25.051023 lr=6.960635e-05
step=4400/10010 tokens=72089600 loss=24.010329 lr=6.880144e-05
step=4450/10010 tokens=72908800 loss=25.941013 lr=6.799081e-05
step=4500/10010 tokens=73728000 loss=23.522117 lr=6.717472e-05
step=4550/10010 tokens=74547200 loss=24.585770 lr=6.635340e-05
step=4600/10010 tokens=75366400 loss=25.419343 lr=6.552711e-05
step=4650/10010 tokens=76185600 loss=24.371188 lr=6.469610e-05
step=4700/10010 tokens=77004800 loss=24.734079 lr=6.386062e-05
step=4750/10010 tokens=77824000 loss=25.233893 lr=6.302093e-05
step=4800/10010 tokens=78643200 loss=25.252658 lr=6.217728e-05
step=4850/10010 tokens=79462400 loss=24.173658 lr=6.132993e-05
step=4900/10010 tokens=80281600 loss=25.383488 lr=6.047914e-05
step=4950/10010 tokens=81100800 loss=24.623085 lr=5.962516e-05
step=5000/10010 tokens=81920000 loss=25.280423 lr=5.876825e-05
step=5050/10010 tokens=82739200 loss=24.433849 lr=5.790868e-05
step=5100/10010 tokens=83558400 loss=25.227033 lr=5.704670e-05
step=5150/10010 tokens=84377600 loss=24.129767 lr=5.618258e-05
step=5200/10010 tokens=85196800 loss=24.669888 lr=5.531658e-05
step=5250/10010 tokens=86016000 loss=26.122003 lr=5.444897e-05
step=5300/10010 tokens=86835200 loss=24.312922 lr=5.358000e-05
step=5350/10010 tokens=87654400 loss=25.223459 lr=5.270995e-05
step=5400/10010 tokens=88473600 loss=24.731778 lr=5.183907e-05
step=5450/10010 tokens=89292800 loss=24.995389 lr=5.096763e-05
step=5500/10010 tokens=90112000 loss=24.860208 lr=5.009590e-05
step=5550/10010 tokens=90931200 loss=25.079223 lr=4.922414e-05
step=5600/10010 tokens=91750400 loss=23.838148 lr=4.835261e-05
step=5650/10010 tokens=92569600 loss=25.396400 lr=4.748158e-05
step=5700/10010 tokens=93388800 loss=23.149983 lr=4.661133e-05
step=5750/10010 tokens=94208000 loss=24.782033 lr=4.574210e-05
step=5800/10010 tokens=95027200 loss=25.117184 lr=4.487416e-05
step=5850/10010 tokens=95846400 loss=24.496154 lr=4.400778e-05
step=5900/10010 tokens=96665600 loss=25.249245 lr=4.314323e-05
step=5950/10010 tokens=97484800 loss=25.633975 lr=4.228076e-05
step=6000/10010 tokens=98304000 loss=25.949923 lr=4.142064e-05
step=6050/10010 tokens=99123200 loss=24.979037 lr=4.056312e-05
step=6100/10010 tokens=99942400 loss=25.636687 lr=3.970847e-05
step=6150/10010 tokens=100761600 loss=23.568379 lr=3.885696e-05
step=6200/10010 tokens=101580800 loss=24.896232 lr=3.800882e-05
step=6250/10010 tokens=102400000 loss=24.617743 lr=3.716434e-05
step=6300/10010 tokens=103219200 loss=24.830449 lr=3.632376e-05
step=6350/10010 tokens=104038400 loss=24.567397 lr=3.548733e-05
step=6400/10010 tokens=104857600 loss=24.877477 lr=3.465532e-05
step=6450/10010 tokens=105676800 loss=24.336751 lr=3.382797e-05
step=6500/10010 tokens=106496000 loss=24.977742 lr=3.300553e-05
step=6550/10010 tokens=107315200 loss=25.163129 lr=3.218827e-05
step=6600/10010 tokens=108134400 loss=23.896359 lr=3.137642e-05
step=6650/10010 tokens=108953600 loss=25.133595 lr=3.057023e-05
step=6700/10010 tokens=109772800 loss=24.106571 lr=2.976994e-05
step=6750/10010 tokens=110592000 loss=24.373138 lr=2.897581e-05
step=6800/10010 tokens=111411200 loss=22.875417 lr=2.818807e-05
step=6850/10010 tokens=112230400 loss=24.221242 lr=2.740696e-05
step=6900/10010 tokens=113049600 loss=26.654455 lr=2.663271e-05
step=6950/10010 tokens=113868800 loss=24.749873 lr=2.586558e-05
step=7000/10010 tokens=114688000 loss=25.879261 lr=2.510577e-05
step=7050/10010 tokens=115507200 loss=24.954730 lr=2.435354e-05
step=7100/10010 tokens=116326400 loss=25.774754 lr=2.360910e-05
step=7150/10010 tokens=117145600 loss=25.427797 lr=2.287269e-05
step=7200/10010 tokens=117964800 loss=24.987798 lr=2.214452e-05
step=7250/10010 tokens=118784000 loss=24.935756 lr=2.142482e-05
step=7300/10010 tokens=119603200 loss=24.694965 lr=2.071381e-05
step=7350/10010 tokens=120422400 loss=25.262385 lr=2.001170e-05
step=7400/10010 tokens=121241600 loss=24.768774 lr=1.931870e-05
step=7450/10010 tokens=122060800 loss=25.041385 lr=1.863504e-05
step=7500/10010 tokens=122880000 loss=24.714354 lr=1.796090e-05
step=7550/10010 tokens=123699200 loss=24.189744 lr=1.729651e-05
step=7600/10010 tokens=124518400 loss=24.968546 lr=1.664206e-05
step=7650/10010 tokens=125337600 loss=24.748273 lr=1.599775e-05
step=7700/10010 tokens=126156800 loss=25.305204 lr=1.536378e-05
step=7750/10010 tokens=126976000 loss=24.945644 lr=1.474034e-05
step=7800/10010 tokens=127795200 loss=24.667515 lr=1.412762e-05
step=7850/10010 tokens=128614400 loss=24.359103 lr=1.352580e-05
step=7900/10010 tokens=129433600 loss=25.502663 lr=1.293507e-05
step=7950/10010 tokens=130252800 loss=24.299761 lr=1.235561e-05
step=8000/10010 tokens=131072000 loss=24.144528 lr=1.178759e-05
step=8050/10010 tokens=131891200 loss=24.820106 lr=1.123119e-05
step=8100/10010 tokens=132710400 loss=25.045671 lr=1.068657e-05
step=8150/10010 tokens=133529600 loss=24.758345 lr=1.015390e-05
step=8200/10010 tokens=134348800 loss=25.462204 lr=9.633354e-06
step=8250/10010 tokens=135168000 loss=25.192231 lr=9.125074e-06
step=8300/10010 tokens=135987200 loss=24.395969 lr=8.629220e-06
step=8350/10010 tokens=136806400 loss=24.766017 lr=8.145943e-06
step=8400/10010 tokens=137625600 loss=24.604788 lr=7.675390e-06
step=8450/10010 tokens=138444800 loss=25.162131 lr=7.217703e-06
step=8500/10010 tokens=139264000 loss=24.744515 lr=6.773022e-06
step=8550/10010 tokens=140083200 loss=24.583399 lr=6.341483e-06
step=8600/10010 tokens=140902400 loss=24.232885 lr=5.923215e-06
step=8650/10010 tokens=141721600 loss=25.110476 lr=5.518347e-06
step=8700/10010 tokens=142540800 loss=24.353496 lr=5.127002e-06
step=8750/10010 tokens=143360000 loss=24.170498 lr=4.749298e-06
step=8800/10010 tokens=144179200 loss=24.010507 lr=4.385350e-06
step=8850/10010 tokens=144998400 loss=25.542717 lr=4.035269e-06
step=8900/10010 tokens=145817600 loss=25.169971 lr=3.699162e-06
step=8950/10010 tokens=146636800 loss=24.993295 lr=3.377130e-06
step=9000/10010 tokens=147456000 loss=23.913777 lr=3.069271e-06
step=9050/10010 tokens=148275200 loss=25.777124 lr=2.775679e-06
step=9100/10010 tokens=149094400 loss=24.653711 lr=2.496444e-06
step=9150/10010 tokens=149913600 loss=25.524042 lr=2.231650e-06
step=9200/10010 tokens=150732800 loss=25.770559 lr=1.981377e-06
step=9250/10010 tokens=151552000 loss=24.618089 lr=1.745703e-06
step=9300/10010 tokens=152371200 loss=24.863721 lr=1.524697e-06
step=9350/10010 tokens=153190400 loss=25.256376 lr=1.318428e-06
step=9400/10010 tokens=154009600 loss=25.516629 lr=1.126959e-06
step=9450/10010 tokens=154828800 loss=24.052329 lr=9.503466e-07
step=9500/10010 tokens=155648000 loss=25.160120 lr=7.886457e-07
step=9550/10010 tokens=156467200 loss=24.273034 lr=6.419051e-07
step=9600/10010 tokens=157286400 loss=25.173964 lr=5.101693e-07
step=9650/10010 tokens=158105600 loss=24.480975 lr=3.934786e-07
step=9700/10010 tokens=158924800 loss=24.290515 lr=2.918683e-07
step=9750/10010 tokens=159744000 loss=25.755917 lr=2.053694e-07
step=9800/10010 tokens=160563200 loss=24.784938 lr=1.340081e-07
step=9850/10010 tokens=161382400 loss=25.370958 lr=7.780614e-08
step=9900/10010 tokens=162201600 loss=24.254812 lr=3.678059e-08
step=9950/10010 tokens=163020800 loss=25.859177 lr=1.094393e-08
step=10000/10010 tokens=163840000 loss=24.797276 lr=3.040088e-10
Writing model shards:   0%|          | 0/1 [00:00<?, ?it/s]Writing model shards: 100%|██████████| 1/1 [00:00<00:00,  2.39it/s]Writing model shards: 100%|██████████| 1/1 [00:00<00:00,  2.38it/s]
Finished pre-pre-training nca_ppt with final loss 24.637637
