/workspace/scripts/pretrain_on_tokens.py:75: FutureWarning: `torch.cuda.amp.GradScaler(args...)` is deprecated. Please use `torch.amp.GradScaler('cuda', args...)` instead.
  scaler = torch.cuda.amp.GradScaler(enabled=args.mixed_precision == "fp16")
`loss_type=None` was set in the config but it is unrecognized. Using the default loss: `ForCausalLMLoss`.
step=1/10010 tokens=16384 loss=34.493752 lr=1.998002e-07
step=50/10010 tokens=819200 loss=34.072438 lr=5.094905e-06
step=100/10010 tokens=1638400 loss=33.422246 lr=1.008991e-05
step=150/10010 tokens=2457600 loss=32.970101 lr=1.508492e-05
step=200/10010 tokens=3276800 loss=32.378796 lr=2.007992e-05
step=250/10010 tokens=4096000 loss=31.728984 lr=2.507493e-05
step=300/10010 tokens=4915200 loss=30.392518 lr=3.006993e-05
step=350/10010 tokens=5734400 loss=29.046527 lr=3.506494e-05
step=400/10010 tokens=6553600 loss=27.655171 lr=4.005994e-05
step=450/10010 tokens=7372800 loss=26.377333 lr=4.505495e-05
step=500/10010 tokens=8192000 loss=25.170881 lr=5.004995e-05
step=550/10010 tokens=9011200 loss=22.614189 lr=5.504496e-05
step=600/10010 tokens=9830400 loss=22.070073 lr=6.003996e-05
step=650/10010 tokens=10649600 loss=21.488919 lr=6.503497e-05
step=700/10010 tokens=11468800 loss=19.700542 lr=7.002997e-05
step=750/10010 tokens=12288000 loss=18.669619 lr=7.502498e-05
step=800/10010 tokens=13107200 loss=18.147501 lr=8.001998e-05
step=850/10010 tokens=13926400 loss=17.544762 lr=8.501499e-05
step=900/10010 tokens=14745600 loss=17.750268 lr=9.000999e-05
step=950/10010 tokens=15564800 loss=17.386671 lr=9.500500e-05
step=1000/10010 tokens=16384000 loss=16.269534 lr=1.000000e-04
step=1050/10010 tokens=17203200 loss=16.153060 lr=9.999270e-05
step=1100/10010 tokens=18022400 loss=14.559124 lr=9.997021e-05
step=1150/10010 tokens=18841600 loss=14.828783 lr=9.993252e-05
step=1200/10010 tokens=19660800 loss=14.257547 lr=9.987966e-05
step=1250/10010 tokens=20480000 loss=14.053926 lr=9.981163e-05
step=1300/10010 tokens=21299200 loss=13.177759 lr=9.972846e-05
step=1350/10010 tokens=22118400 loss=13.749774 lr=9.963017e-05
step=1400/10010 tokens=22937600 loss=12.782808 lr=9.951679e-05
step=1450/10010 tokens=23756800 loss=12.482230 lr=9.938837e-05
step=1500/10010 tokens=24576000 loss=12.467724 lr=9.924492e-05
step=1550/10010 tokens=25395200 loss=11.849348 lr=9.908651e-05
step=1600/10010 tokens=26214400 loss=11.680473 lr=9.891317e-05
step=1650/10010 tokens=27033600 loss=11.661335 lr=9.872497e-05
step=1700/10010 tokens=27852800 loss=11.936968 lr=9.852195e-05
step=1750/10010 tokens=28672000 loss=11.394155 lr=9.830418e-05
step=1800/10010 tokens=29491200 loss=10.845947 lr=9.807173e-05
step=1850/10010 tokens=30310400 loss=10.910081 lr=9.782466e-05
step=1900/10010 tokens=31129600 loss=10.868873 lr=9.756305e-05
step=1950/10010 tokens=31948800 loss=11.034272 lr=9.728699e-05
step=2000/10010 tokens=32768000 loss=10.660328 lr=9.699655e-05
step=2050/10010 tokens=33587200 loss=11.588539 lr=9.669182e-05
step=2100/10010 tokens=34406400 loss=10.369005 lr=9.637290e-05
step=2150/10010 tokens=35225600 loss=10.537570 lr=9.603988e-05
step=2200/10010 tokens=36044800 loss=10.551700 lr=9.569286e-05
step=2250/10010 tokens=36864000 loss=10.570950 lr=9.533196e-05
step=2300/10010 tokens=37683200 loss=10.148333 lr=9.495727e-05
step=2350/10010 tokens=38502400 loss=9.822340 lr=9.456891e-05
step=2400/10010 tokens=39321600 loss=10.357609 lr=9.416701e-05
step=2450/10010 tokens=40140800 loss=10.105917 lr=9.375168e-05
step=2500/10010 tokens=40960000 loss=9.792376 lr=9.332305e-05
step=2550/10010 tokens=41779200 loss=9.597178 lr=9.288125e-05
step=2600/10010 tokens=42598400 loss=10.192490 lr=9.242641e-05
step=2650/10010 tokens=43417600 loss=9.897231 lr=9.195868e-05
step=2700/10010 tokens=44236800 loss=9.686383 lr=9.147819e-05
step=2750/10010 tokens=45056000 loss=9.770364 lr=9.098509e-05
step=2800/10010 tokens=45875200 loss=9.343364 lr=9.047953e-05
step=2850/10010 tokens=46694400 loss=9.989638 lr=8.996166e-05
step=2900/10010 tokens=47513600 loss=9.452879 lr=8.943165e-05
step=2950/10010 tokens=48332800 loss=9.861834 lr=8.888965e-05
step=3000/10010 tokens=49152000 loss=9.296177 lr=8.833582e-05
step=3050/10010 tokens=49971200 loss=9.748650 lr=8.777035e-05
step=3100/10010 tokens=50790400 loss=9.607794 lr=8.719339e-05
step=3150/10010 tokens=51609600 loss=9.505887 lr=8.660512e-05
step=3200/10010 tokens=52428800 loss=9.845589 lr=8.600573e-05
step=3250/10010 tokens=53248000 loss=9.493690 lr=8.539539e-05
step=3300/10010 tokens=54067200 loss=8.629339 lr=8.477429e-05
step=3350/10010 tokens=54886400 loss=9.361987 lr=8.414261e-05
step=3400/10010 tokens=55705600 loss=9.371702 lr=8.350056e-05
step=3450/10010 tokens=56524800 loss=9.311707 lr=8.284833e-05
step=3500/10010 tokens=57344000 loss=9.048519 lr=8.218610e-05
step=3550/10010 tokens=58163200 loss=9.178910 lr=8.151410e-05
step=3600/10010 tokens=58982400 loss=9.065055 lr=8.083251e-05
step=3650/10010 tokens=59801600 loss=8.805759 lr=8.014155e-05
step=3700/10010 tokens=60620800 loss=9.856483 lr=7.944143e-05
step=3750/10010 tokens=61440000 loss=8.967757 lr=7.873236e-05
step=3800/10010 tokens=62259200 loss=9.222663 lr=7.801455e-05
step=3850/10010 tokens=63078400 loss=9.197199 lr=7.728823e-05
step=3900/10010 tokens=63897600 loss=8.776384 lr=7.655361e-05
step=3950/10010 tokens=64716800 loss=9.751816 lr=7.581091e-05
step=4000/10010 tokens=65536000 loss=8.551883 lr=7.506038e-05
step=4050/10010 tokens=66355200 loss=8.446258 lr=7.430222e-05
step=4100/10010 tokens=67174400 loss=9.008858 lr=7.353667e-05
step=4150/10010 tokens=67993600 loss=8.528144 lr=7.276397e-05
step=4200/10010 tokens=68812800 loss=9.472943 lr=7.198435e-05
step=4250/10010 tokens=69632000 loss=8.477382 lr=7.119805e-05
step=4300/10010 tokens=70451200 loss=8.553866 lr=7.040530e-05
step=4350/10010 tokens=71270400 loss=8.749306 lr=6.960635e-05
step=4400/10010 tokens=72089600 loss=8.710492 lr=6.880144e-05
step=4450/10010 tokens=72908800 loss=8.704802 lr=6.799081e-05
step=4500/10010 tokens=73728000 loss=8.891908 lr=6.717472e-05
step=4550/10010 tokens=74547200 loss=8.872186 lr=6.635340e-05
step=4600/10010 tokens=75366400 loss=8.597789 lr=6.552711e-05
step=4650/10010 tokens=76185600 loss=9.020878 lr=6.469610e-05
step=4700/10010 tokens=77004800 loss=8.477779 lr=6.386062e-05
step=4750/10010 tokens=77824000 loss=8.363167 lr=6.302093e-05
step=4800/10010 tokens=78643200 loss=8.869850 lr=6.217728e-05
step=4850/10010 tokens=79462400 loss=8.599476 lr=6.132993e-05
step=4900/10010 tokens=80281600 loss=8.478615 lr=6.047914e-05
step=4950/10010 tokens=81100800 loss=8.218738 lr=5.962516e-05
step=5000/10010 tokens=81920000 loss=8.343423 lr=5.876825e-05
step=5050/10010 tokens=82739200 loss=9.065198 lr=5.790868e-05
step=5100/10010 tokens=83558400 loss=7.999751 lr=5.704670e-05
step=5150/10010 tokens=84377600 loss=8.731930 lr=5.618258e-05
step=5200/10010 tokens=85196800 loss=8.475818 lr=5.531658e-05
step=5250/10010 tokens=86016000 loss=8.464297 lr=5.444897e-05
step=5300/10010 tokens=86835200 loss=8.155549 lr=5.358000e-05
step=5350/10010 tokens=87654400 loss=8.872690 lr=5.270995e-05
step=5400/10010 tokens=88473600 loss=8.417763 lr=5.183907e-05
step=5450/10010 tokens=89292800 loss=8.472009 lr=5.096763e-05
step=5500/10010 tokens=90112000 loss=8.525116 lr=5.009590e-05
step=5550/10010 tokens=90931200 loss=8.087714 lr=4.922414e-05
step=5600/10010 tokens=91750400 loss=8.248959 lr=4.835261e-05
step=5650/10010 tokens=92569600 loss=8.550965 lr=4.748158e-05
step=5700/10010 tokens=93388800 loss=8.529799 lr=4.661133e-05
step=5750/10010 tokens=94208000 loss=8.188858 lr=4.574210e-05
step=5800/10010 tokens=95027200 loss=8.603860 lr=4.487416e-05
step=5850/10010 tokens=95846400 loss=8.539919 lr=4.400778e-05
step=5900/10010 tokens=96665600 loss=8.011892 lr=4.314323e-05
step=5950/10010 tokens=97484800 loss=8.008225 lr=4.228076e-05
step=6000/10010 tokens=98304000 loss=8.293126 lr=4.142064e-05
step=6050/10010 tokens=99123200 loss=7.792080 lr=4.056312e-05
step=6100/10010 tokens=99942400 loss=8.392423 lr=3.970847e-05
step=6150/10010 tokens=100761600 loss=7.780040 lr=3.885696e-05
step=6200/10010 tokens=101580800 loss=8.199625 lr=3.800882e-05
step=6250/10010 tokens=102400000 loss=7.621660 lr=3.716434e-05
step=6300/10010 tokens=103219200 loss=8.143800 lr=3.632376e-05
step=6350/10010 tokens=104038400 loss=7.619467 lr=3.548733e-05
step=6400/10010 tokens=104857600 loss=7.992843 lr=3.465532e-05
step=6450/10010 tokens=105676800 loss=8.265288 lr=3.382797e-05
step=6500/10010 tokens=106496000 loss=8.277107 lr=3.300553e-05
step=6550/10010 tokens=107315200 loss=8.083060 lr=3.218827e-05
step=6600/10010 tokens=108134400 loss=8.491041 lr=3.137642e-05
step=6650/10010 tokens=108953600 loss=8.602860 lr=3.057023e-05
step=6700/10010 tokens=109772800 loss=7.731874 lr=2.976994e-05
step=6750/10010 tokens=110592000 loss=8.388606 lr=2.897581e-05
step=6800/10010 tokens=111411200 loss=8.102827 lr=2.818807e-05
step=6850/10010 tokens=112230400 loss=8.148269 lr=2.740696e-05
step=6900/10010 tokens=113049600 loss=7.991787 lr=2.663271e-05
step=6950/10010 tokens=113868800 loss=8.014300 lr=2.586558e-05
step=7000/10010 tokens=114688000 loss=7.763010 lr=2.510577e-05
step=7050/10010 tokens=115507200 loss=7.948213 lr=2.435354e-05
step=7100/10010 tokens=116326400 loss=8.144739 lr=2.360910e-05
step=7150/10010 tokens=117145600 loss=7.809855 lr=2.287269e-05
step=7200/10010 tokens=117964800 loss=7.696053 lr=2.214452e-05
step=7250/10010 tokens=118784000 loss=8.300725 lr=2.142482e-05
step=7300/10010 tokens=119603200 loss=8.007741 lr=2.071381e-05
step=7350/10010 tokens=120422400 loss=7.784806 lr=2.001170e-05
step=7400/10010 tokens=121241600 loss=7.928447 lr=1.931870e-05
step=7450/10010 tokens=122060800 loss=8.462669 lr=1.863504e-05
step=7500/10010 tokens=122880000 loss=8.063254 lr=1.796090e-05
step=7550/10010 tokens=123699200 loss=7.723771 lr=1.729651e-05
step=7600/10010 tokens=124518400 loss=8.036244 lr=1.664206e-05
step=7650/10010 tokens=125337600 loss=7.538234 lr=1.599775e-05
step=7700/10010 tokens=126156800 loss=7.822292 lr=1.536378e-05
step=7750/10010 tokens=126976000 loss=7.713271 lr=1.474034e-05
step=7800/10010 tokens=127795200 loss=7.769844 lr=1.412762e-05
step=7850/10010 tokens=128614400 loss=8.205219 lr=1.352580e-05
step=7900/10010 tokens=129433600 loss=8.049577 lr=1.293507e-05
step=7950/10010 tokens=130252800 loss=7.486008 lr=1.235561e-05
step=8000/10010 tokens=131072000 loss=7.634880 lr=1.178759e-05
step=8050/10010 tokens=131891200 loss=8.120497 lr=1.123119e-05
step=8100/10010 tokens=132710400 loss=7.794110 lr=1.068657e-05
step=8150/10010 tokens=133529600 loss=8.083393 lr=1.015390e-05
step=8200/10010 tokens=134348800 loss=7.657847 lr=9.633354e-06
step=8250/10010 tokens=135168000 loss=7.958769 lr=9.125074e-06
step=8300/10010 tokens=135987200 loss=7.758241 lr=8.629220e-06
step=8350/10010 tokens=136806400 loss=7.717644 lr=8.145943e-06
step=8400/10010 tokens=137625600 loss=7.976389 lr=7.675390e-06
step=8450/10010 tokens=138444800 loss=7.655441 lr=7.217703e-06
step=8500/10010 tokens=139264000 loss=7.597775 lr=6.773022e-06
step=8550/10010 tokens=140083200 loss=8.107921 lr=6.341483e-06
step=8600/10010 tokens=140902400 loss=8.285757 lr=5.923215e-06
step=8650/10010 tokens=141721600 loss=7.534115 lr=5.518347e-06
step=8700/10010 tokens=142540800 loss=7.938163 lr=5.127002e-06
step=8750/10010 tokens=143360000 loss=8.212222 lr=4.749298e-06
step=8800/10010 tokens=144179200 loss=7.720793 lr=4.385350e-06
step=8850/10010 tokens=144998400 loss=8.006942 lr=4.035269e-06
step=8900/10010 tokens=145817600 loss=7.929993 lr=3.699162e-06
step=8950/10010 tokens=146636800 loss=8.064512 lr=3.377130e-06
step=9000/10010 tokens=147456000 loss=7.948921 lr=3.069271e-06
step=9050/10010 tokens=148275200 loss=8.078006 lr=2.775679e-06
step=9100/10010 tokens=149094400 loss=8.512598 lr=2.496444e-06
step=9150/10010 tokens=149913600 loss=7.673589 lr=2.231650e-06
step=9200/10010 tokens=150732800 loss=7.668657 lr=1.981377e-06
step=9250/10010 tokens=151552000 loss=7.923280 lr=1.745703e-06
step=9300/10010 tokens=152371200 loss=8.081929 lr=1.524697e-06
step=9350/10010 tokens=153190400 loss=7.866885 lr=1.318428e-06
step=9400/10010 tokens=154009600 loss=7.716111 lr=1.126959e-06
step=9450/10010 tokens=154828800 loss=8.404644 lr=9.503466e-07
step=9500/10010 tokens=155648000 loss=7.554097 lr=7.886457e-07
step=9550/10010 tokens=156467200 loss=7.715584 lr=6.419051e-07
step=9600/10010 tokens=157286400 loss=7.969951 lr=5.101693e-07
step=9650/10010 tokens=158105600 loss=7.589054 lr=3.934786e-07
step=9700/10010 tokens=158924800 loss=7.321872 lr=2.918683e-07
step=9750/10010 tokens=159744000 loss=7.736016 lr=2.053694e-07
step=9800/10010 tokens=160563200 loss=7.569157 lr=1.340081e-07
step=9850/10010 tokens=161382400 loss=7.516268 lr=7.780614e-08
step=9900/10010 tokens=162201600 loss=7.999511 lr=3.678059e-08
step=9950/10010 tokens=163020800 loss=7.477157 lr=1.094393e-08
step=10000/10010 tokens=163840000 loss=7.629951 lr=3.040088e-10
Writing model shards:   0%|          | 0/1 [00:00<?, ?it/s]Writing model shards: 100%|██████████| 1/1 [00:00<00:00,  2.52it/s]Writing model shards: 100%|██████████| 1/1 [00:00<00:00,  2.52it/s]
Finished pre-pre-training physics_ppt with final loss 8.018704
